Analysis & Synthesis report for Game
Thu Jan  6 03:17:38 2022
Quartus Prime Version 20.1.1 Build 720 11/11/2020 SJ Lite Edition


---------------------
; Table of Contents ;
---------------------
  1. Legal Notice
  2. Analysis & Synthesis Summary
  3. Analysis & Synthesis Settings
  4. Parallel Compilation
  5. Analysis & Synthesis Source Files Read
  6. Analysis & Synthesis Resource Usage Summary
  7. Analysis & Synthesis Resource Utilization by Entity
  8. Analysis & Synthesis DSP Block Usage Summary
  9. State Machine - |Game|next_state
 10. State Machine - |Game|current_state
 11. Registers Removed During Synthesis
 12. General Register Statistics
 13. Inverted Register Statistics
 14. Multiplexer Restructuring Statistics (Restructuring Performed)
 15. Parameter Settings for User Entity Instance: image_generator:imagen
 16. Parameter Settings for User Entity Instance: bbs:num_gen
 17. Parameter Settings for Inferred Entity Instance: lpm_divide:Mod0
 18. Parameter Settings for Inferred Entity Instance: bbs:num_gen|lpm_mult:Mult0
 19. Parameter Settings for Inferred Entity Instance: bbs:num_gen|lpm_divide:Mod0
 20. lpm_mult Parameter Settings by Entity Instance
 21. Port Connectivity Checks: "image_generator:imagen"
 22. Post-Synthesis Netlist Statistics for Top Partition
 23. Elapsed Time Per Partition
 24. Analysis & Synthesis Messages



----------------
; Legal Notice ;
----------------
Copyright (C) 2020  Intel Corporation. All rights reserved.
Your use of Intel Corporation's design tools, logic functions 
and other software and tools, and any partner logic 
functions, and any output files from any of the foregoing 
(including device programming or simulation files), and any 
associated documentation or information are expressly subject 
to the terms and conditions of the Intel Program License 
Subscription Agreement, the Intel Quartus Prime License Agreement,
the Intel FPGA IP License Agreement, or other applicable license
agreement, including, without limitation, that your use is for
the sole purpose of programming logic devices manufactured by
Intel and sold by Intel or its authorized distributors.  Please
refer to the applicable agreement for further details, at
https://fpgasoftware.intel.com/eula.



+----------------------------------------------------------------------------------+
; Analysis & Synthesis Summary                                                     ;
+------------------------------------+---------------------------------------------+
; Analysis & Synthesis Status        ; Successful - Thu Jan  6 03:17:38 2022       ;
; Quartus Prime Version              ; 20.1.1 Build 720 11/11/2020 SJ Lite Edition ;
; Revision Name                      ; Game                                        ;
; Top-level Entity Name              ; Game                                        ;
; Family                             ; MAX 10                                      ;
; Total logic elements               ; 3,451                                       ;
;     Total combinational functions  ; 3,396                                       ;
;     Dedicated logic registers      ; 205                                         ;
; Total registers                    ; 205                                         ;
; Total pins                         ; 17                                          ;
; Total virtual pins                 ; 0                                           ;
; Total memory bits                  ; 0                                           ;
; Embedded Multiplier 9-bit elements ; 6                                           ;
; Total PLLs                         ; 0                                           ;
; UFM blocks                         ; 0                                           ;
; ADC blocks                         ; 0                                           ;
+------------------------------------+---------------------------------------------+


+------------------------------------------------------------------------------------------------------------+
; Analysis & Synthesis Settings                                                                              ;
+------------------------------------------------------------------+--------------------+--------------------+
; Option                                                           ; Setting            ; Default Value      ;
+------------------------------------------------------------------+--------------------+--------------------+
; Device                                                           ; 10M50DAF484C7G     ;                    ;
; Top-level entity name                                            ; Game               ; Game               ;
; Family name                                                      ; MAX 10             ; Cyclone V          ;
; Use smart compilation                                            ; Off                ; Off                ;
; Enable parallel Assembler and Timing Analyzer during compilation ; On                 ; On                 ;
; Enable compact report table                                      ; Off                ; Off                ;
; Restructure Multiplexers                                         ; Auto               ; Auto               ;
; Create Debugging Nodes for IP Cores                              ; Off                ; Off                ;
; Preserve fewer node names                                        ; On                 ; On                 ;
; Intel FPGA IP Evaluation Mode                                    ; Enable             ; Enable             ;
; Verilog Version                                                  ; Verilog_2001       ; Verilog_2001       ;
; VHDL Version                                                     ; VHDL_1993          ; VHDL_1993          ;
; State Machine Processing                                         ; Auto               ; Auto               ;
; Safe State Machine                                               ; Off                ; Off                ;
; Extract Verilog State Machines                                   ; On                 ; On                 ;
; Extract VHDL State Machines                                      ; On                 ; On                 ;
; Ignore Verilog initial constructs                                ; Off                ; Off                ;
; Iteration limit for constant Verilog loops                       ; 5000               ; 5000               ;
; Iteration limit for non-constant Verilog loops                   ; 250                ; 250                ;
; Add Pass-Through Logic to Inferred RAMs                          ; On                 ; On                 ;
; Infer RAMs from Raw Logic                                        ; On                 ; On                 ;
; Parallel Synthesis                                               ; On                 ; On                 ;
; DSP Block Balancing                                              ; Auto               ; Auto               ;
; NOT Gate Push-Back                                               ; On                 ; On                 ;
; Power-Up Don't Care                                              ; On                 ; On                 ;
; Remove Redundant Logic Cells                                     ; Off                ; Off                ;
; Remove Duplicate Registers                                       ; On                 ; On                 ;
; Ignore CARRY Buffers                                             ; Off                ; Off                ;
; Ignore CASCADE Buffers                                           ; Off                ; Off                ;
; Ignore GLOBAL Buffers                                            ; Off                ; Off                ;
; Ignore ROW GLOBAL Buffers                                        ; Off                ; Off                ;
; Ignore LCELL Buffers                                             ; Off                ; Off                ;
; Ignore SOFT Buffers                                              ; On                 ; On                 ;
; Limit AHDL Integers to 32 Bits                                   ; Off                ; Off                ;
; Optimization Technique                                           ; Balanced           ; Balanced           ;
; Carry Chain Length                                               ; 70                 ; 70                 ;
; Auto Carry Chains                                                ; On                 ; On                 ;
; Auto Open-Drain Pins                                             ; On                 ; On                 ;
; Perform WYSIWYG Primitive Resynthesis                            ; Off                ; Off                ;
; Auto ROM Replacement                                             ; On                 ; On                 ;
; Auto RAM Replacement                                             ; On                 ; On                 ;
; Auto DSP Block Replacement                                       ; On                 ; On                 ;
; Auto Shift Register Replacement                                  ; Auto               ; Auto               ;
; Allow Shift Register Merging across Hierarchies                  ; Auto               ; Auto               ;
; Auto Clock Enable Replacement                                    ; On                 ; On                 ;
; Strict RAM Replacement                                           ; Off                ; Off                ;
; Allow Synchronous Control Signals                                ; On                 ; On                 ;
; Force Use of Synchronous Clear Signals                           ; Off                ; Off                ;
; Auto RAM Block Balancing                                         ; On                 ; On                 ;
; Auto RAM to Logic Cell Conversion                                ; Off                ; Off                ;
; Auto Resource Sharing                                            ; Off                ; Off                ;
; Allow Any RAM Size For Recognition                               ; Off                ; Off                ;
; Allow Any ROM Size For Recognition                               ; Off                ; Off                ;
; Allow Any Shift Register Size For Recognition                    ; Off                ; Off                ;
; Use LogicLock Constraints during Resource Balancing              ; On                 ; On                 ;
; Ignore translate_off and synthesis_off directives                ; Off                ; Off                ;
; Timing-Driven Synthesis                                          ; On                 ; On                 ;
; Report Parameter Settings                                        ; On                 ; On                 ;
; Report Source Assignments                                        ; On                 ; On                 ;
; Report Connectivity Checks                                       ; On                 ; On                 ;
; Ignore Maximum Fan-Out Assignments                               ; Off                ; Off                ;
; Synchronization Register Chain Length                            ; 2                  ; 2                  ;
; Power Optimization During Synthesis                              ; Normal compilation ; Normal compilation ;
; HDL message level                                                ; Level2             ; Level2             ;
; Suppress Register Optimization Related Messages                  ; Off                ; Off                ;
; Number of Removed Registers Reported in Synthesis Report         ; 5000               ; 5000               ;
; Number of Swept Nodes Reported in Synthesis Report               ; 5000               ; 5000               ;
; Number of Inverted Registers Reported in Synthesis Report        ; 100                ; 100                ;
; Clock MUX Protection                                             ; On                 ; On                 ;
; Auto Gated Clock Conversion                                      ; Off                ; Off                ;
; Block Design Naming                                              ; Auto               ; Auto               ;
; SDC constraint protection                                        ; Off                ; Off                ;
; Synthesis Effort                                                 ; Auto               ; Auto               ;
; Shift Register Replacement - Allow Asynchronous Clear Signal     ; On                 ; On                 ;
; Pre-Mapping Resynthesis Optimization                             ; Off                ; Off                ;
; Analysis & Synthesis Message Level                               ; Medium             ; Medium             ;
; Disable Register Merging Across Hierarchies                      ; Auto               ; Auto               ;
; Resource Aware Inference For Block RAM                           ; On                 ; On                 ;
+------------------------------------------------------------------+--------------------+--------------------+


+------------------------------------------+
; Parallel Compilation                     ;
+----------------------------+-------------+
; Processors                 ; Number      ;
+----------------------------+-------------+
; Number detected on machine ; 2           ;
; Maximum allowed            ; 2           ;
;                            ;             ;
; Average used               ; 1.00        ;
; Maximum used               ; 2           ;
;                            ;             ;
; Usage by Processor         ; % Time Used ;
;     Processor 1            ; 100.0%      ;
;     Processor 2            ;   0.2%      ;
+----------------------------+-------------+


+--------------------------------------------------------------------------------------------------------------------------------------------------------------------+
; Analysis & Synthesis Source Files Read                                                                                                                             ;
+----------------------------------+-----------------+------------------------------+----------------------------------------------------------------------+---------+
; File Name with User-Entered Path ; Used in Netlist ; File Type                    ; File Name with Absolute Path                                         ; Library ;
+----------------------------------+-----------------+------------------------------+----------------------------------------------------------------------+---------+
; image_generator.vhd              ; yes             ; User VHDL File               ; /home/roswell/VLSI/Game/image_generator.vhd                          ;         ;
; Game.vhd                         ; yes             ; User VHDL File               ; /home/roswell/VLSI/Game/Game.vhd                                     ;         ;
; bbs.vhd                          ; yes             ; Auto-Found VHDL File         ; /home/roswell/VLSI/Game/bbs.vhd                                      ;         ;
; lpm_divide.tdf                   ; yes             ; Megafunction                 ; /opt/altera/20.1/quartus/libraries/megafunctions/lpm_divide.tdf      ;         ;
; abs_divider.inc                  ; yes             ; Megafunction                 ; /opt/altera/20.1/quartus/libraries/megafunctions/abs_divider.inc     ;         ;
; sign_div_unsign.inc              ; yes             ; Megafunction                 ; /opt/altera/20.1/quartus/libraries/megafunctions/sign_div_unsign.inc ;         ;
; aglobal201.inc                   ; yes             ; Megafunction                 ; /opt/altera/20.1/quartus/libraries/megafunctions/aglobal201.inc      ;         ;
; db/lpm_divide_25o.tdf            ; yes             ; Auto-Generated Megafunction  ; /home/roswell/VLSI/Game/db/lpm_divide_25o.tdf                        ;         ;
; db/abs_divider_4dg.tdf           ; yes             ; Auto-Generated Megafunction  ; /home/roswell/VLSI/Game/db/abs_divider_4dg.tdf                       ;         ;
; db/alt_u_div_ske.tdf             ; yes             ; Auto-Generated Megafunction  ; /home/roswell/VLSI/Game/db/alt_u_div_ske.tdf                         ;         ;
; db/add_sub_t3c.tdf               ; yes             ; Auto-Generated Megafunction  ; /home/roswell/VLSI/Game/db/add_sub_t3c.tdf                           ;         ;
; db/add_sub_u3c.tdf               ; yes             ; Auto-Generated Megafunction  ; /home/roswell/VLSI/Game/db/add_sub_u3c.tdf                           ;         ;
; db/lpm_abs_8b9.tdf               ; yes             ; Auto-Generated Megafunction  ; /home/roswell/VLSI/Game/db/lpm_abs_8b9.tdf                           ;         ;
; lpm_mult.tdf                     ; yes             ; Megafunction                 ; /opt/altera/20.1/quartus/libraries/megafunctions/lpm_mult.tdf        ;         ;
; lpm_add_sub.inc                  ; yes             ; Megafunction                 ; /opt/altera/20.1/quartus/libraries/megafunctions/lpm_add_sub.inc     ;         ;
; multcore.inc                     ; yes             ; Megafunction                 ; /opt/altera/20.1/quartus/libraries/megafunctions/multcore.inc        ;         ;
; bypassff.inc                     ; yes             ; Megafunction                 ; /opt/altera/20.1/quartus/libraries/megafunctions/bypassff.inc        ;         ;
; altshift.inc                     ; yes             ; Megafunction                 ; /opt/altera/20.1/quartus/libraries/megafunctions/altshift.inc        ;         ;
; db/mult_qgs.tdf                  ; yes             ; Auto-Generated Megafunction  ; /home/roswell/VLSI/Game/db/mult_qgs.tdf                              ;         ;
+----------------------------------+-----------------+------------------------------+----------------------------------------------------------------------+---------+


+---------------------------------------------------------+
; Analysis & Synthesis Resource Usage Summary             ;
+---------------------------------------------+-----------+
; Resource                                    ; Usage     ;
+---------------------------------------------+-----------+
; Estimated Total logic elements              ; 3,451     ;
;                                             ;           ;
; Total combinational functions               ; 3396      ;
; Logic element usage by number of LUT inputs ;           ;
;     -- 4 input functions                    ; 1034      ;
;     -- 3 input functions                    ; 1079      ;
;     -- <=2 input functions                  ; 1283      ;
;                                             ;           ;
; Logic elements by mode                      ;           ;
;     -- normal mode                          ; 2210      ;
;     -- arithmetic mode                      ; 1186      ;
;                                             ;           ;
; Total registers                             ; 205       ;
;     -- Dedicated logic registers            ; 205       ;
;     -- I/O registers                        ; 0         ;
;                                             ;           ;
; I/O pins                                    ; 17        ;
;                                             ;           ;
; Embedded Multiplier 9-bit elements          ; 6         ;
;                                             ;           ;
; Maximum fan-out node                        ; clk~input ;
; Maximum fan-out                             ; 163       ;
; Total fan-out                               ; 10461     ;
; Average fan-out                             ; 2.87      ;
+---------------------------------------------+-----------+


+-------------------------------------------------------------------------------------------------------------------------------------------------------------------------------------------------------------------------------------------------------------------------------------------------------------------------------------------------+
; Analysis & Synthesis Resource Utilization by Entity                                                                                                                                                                                                                                                                                             ;
+------------------------------------------+---------------------+---------------------------+-------------+------------+--------------+---------+-----------+------+--------------+------------+----------------------------------------------------------------------------------------------------------------+-----------------+--------------+
; Compilation Hierarchy Node               ; Combinational ALUTs ; Dedicated Logic Registers ; Memory Bits ; UFM Blocks ; DSP Elements ; DSP 9x9 ; DSP 18x18 ; Pins ; Virtual Pins ; ADC blocks ; Full Hierarchy Name                                                                                            ; Entity Name     ; Library Name ;
+------------------------------------------+---------------------+---------------------------+-------------+------------+--------------+---------+-----------+------+--------------+------------+----------------------------------------------------------------------------------------------------------------+-----------------+--------------+
; |Game                                    ; 3396 (396)          ; 205 (99)                  ; 0           ; 0          ; 6            ; 0       ; 3         ; 17   ; 0            ; 0          ; |Game                                                                                                          ; Game            ; work         ;
;    |bbs:num_gen|                         ; 1483 (90)           ; 64 (64)                   ; 0           ; 0          ; 6            ; 0       ; 3         ; 0    ; 0            ; 0          ; |Game|bbs:num_gen                                                                                              ; bbs             ; work         ;
;       |lpm_divide:Mod0|                  ; 1365 (0)            ; 0 (0)                     ; 0           ; 0          ; 0            ; 0       ; 0         ; 0    ; 0            ; 0          ; |Game|bbs:num_gen|lpm_divide:Mod0                                                                              ; lpm_divide      ; work         ;
;          |lpm_divide_25o:auto_generated| ; 1365 (0)            ; 0 (0)                     ; 0           ; 0          ; 0            ; 0       ; 0         ; 0    ; 0            ; 0          ; |Game|bbs:num_gen|lpm_divide:Mod0|lpm_divide_25o:auto_generated                                                ; lpm_divide_25o  ; work         ;
;             |abs_divider_4dg:divider|    ; 1365 (64)           ; 0 (0)                     ; 0           ; 0          ; 0            ; 0       ; 0         ; 0    ; 0            ; 0          ; |Game|bbs:num_gen|lpm_divide:Mod0|lpm_divide_25o:auto_generated|abs_divider_4dg:divider                        ; abs_divider_4dg ; work         ;
;                |alt_u_div_ske:divider|   ; 1241 (1241)         ; 0 (0)                     ; 0           ; 0          ; 0            ; 0       ; 0         ; 0    ; 0            ; 0          ; |Game|bbs:num_gen|lpm_divide:Mod0|lpm_divide_25o:auto_generated|abs_divider_4dg:divider|alt_u_div_ske:divider  ; alt_u_div_ske   ; work         ;
;                |lpm_abs_8b9:my_abs_num|  ; 60 (60)             ; 0 (0)                     ; 0           ; 0          ; 0            ; 0       ; 0         ; 0    ; 0            ; 0          ; |Game|bbs:num_gen|lpm_divide:Mod0|lpm_divide_25o:auto_generated|abs_divider_4dg:divider|lpm_abs_8b9:my_abs_num ; lpm_abs_8b9     ; work         ;
;       |lpm_mult:Mult0|                   ; 28 (0)              ; 0 (0)                     ; 0           ; 0          ; 6            ; 0       ; 3         ; 0    ; 0            ; 0          ; |Game|bbs:num_gen|lpm_mult:Mult0                                                                               ; lpm_mult        ; work         ;
;          |mult_qgs:auto_generated|       ; 28 (28)             ; 0 (0)                     ; 0           ; 0          ; 6            ; 0       ; 3         ; 0    ; 0            ; 0          ; |Game|bbs:num_gen|lpm_mult:Mult0|mult_qgs:auto_generated                                                       ; mult_qgs        ; work         ;
;    |image_generator:imagen|              ; 36 (36)             ; 42 (42)                   ; 0           ; 0          ; 0            ; 0       ; 0         ; 0    ; 0            ; 0          ; |Game|image_generator:imagen                                                                                   ; image_generator ; work         ;
;    |lpm_divide:Mod0|                     ; 1481 (0)            ; 0 (0)                     ; 0           ; 0          ; 0            ; 0       ; 0         ; 0    ; 0            ; 0          ; |Game|lpm_divide:Mod0                                                                                          ; lpm_divide      ; work         ;
;       |lpm_divide_25o:auto_generated|    ; 1481 (0)            ; 0 (0)                     ; 0           ; 0          ; 0            ; 0       ; 0         ; 0    ; 0            ; 0          ; |Game|lpm_divide:Mod0|lpm_divide_25o:auto_generated                                                            ; lpm_divide_25o  ; work         ;
;          |abs_divider_4dg:divider|       ; 1481 (14)           ; 0 (0)                     ; 0           ; 0          ; 0            ; 0       ; 0         ; 0    ; 0            ; 0          ; |Game|lpm_divide:Mod0|lpm_divide_25o:auto_generated|abs_divider_4dg:divider                                    ; abs_divider_4dg ; work         ;
;             |alt_u_div_ske:divider|      ; 1427 (1427)         ; 0 (0)                     ; 0           ; 0          ; 0            ; 0       ; 0         ; 0    ; 0            ; 0          ; |Game|lpm_divide:Mod0|lpm_divide_25o:auto_generated|abs_divider_4dg:divider|alt_u_div_ske:divider              ; alt_u_div_ske   ; work         ;
;             |lpm_abs_8b9:my_abs_num|     ; 40 (40)             ; 0 (0)                     ; 0           ; 0          ; 0            ; 0       ; 0         ; 0    ; 0            ; 0          ; |Game|lpm_divide:Mod0|lpm_divide_25o:auto_generated|abs_divider_4dg:divider|lpm_abs_8b9:my_abs_num             ; lpm_abs_8b9     ; work         ;
+------------------------------------------+---------------------+---------------------------+-------------+------------+--------------+---------+-----------+------+--------------+------------+----------------------------------------------------------------------------------------------------------------+-----------------+--------------+
Note: For table entries with two numbers listed, the numbers in parentheses indicate the number of resources of the given type used by the specific entity alone. The numbers listed outside of parentheses indicate the total resources of the given type used by the specific entity and all of its sub-entities in the hierarchy.


+-----------------------------------------------------+
; Analysis & Synthesis DSP Block Usage Summary        ;
+---------------------------------------+-------------+
; Statistic                             ; Number Used ;
+---------------------------------------+-------------+
; Simple Multipliers (9-bit)            ; 0           ;
; Simple Multipliers (18-bit)           ; 3           ;
; Embedded Multiplier Blocks            ; --          ;
; Embedded Multiplier 9-bit elements    ; 6           ;
; Signed Embedded Multipliers           ; 0           ;
; Unsigned Embedded Multipliers         ; 1           ;
; Mixed Sign Embedded Multipliers       ; 2           ;
; Variable Sign Embedded Multipliers    ; 0           ;
; Dedicated Input Shift Register Chains ; 0           ;
+---------------------------------------+-------------+
Note: number of Embedded Multiplier Blocks used is only available after a successful fit.


Encoding Type:  One-Hot
+--------------------------------------------------------------------------+
; State Machine - |Game|next_state                                         ;
+------------------+-----------------+------------------+------------------+
; Name             ; next_state.dead ; next_state.alive ; next_state.start ;
+------------------+-----------------+------------------+------------------+
; next_state.start ; 0               ; 0                ; 0                ;
; next_state.alive ; 0               ; 1                ; 1                ;
; next_state.dead  ; 1               ; 0                ; 1                ;
+------------------+-----------------+------------------+------------------+


Encoding Type:  One-Hot
+--------------------------------------------------------------------------------------+
; State Machine - |Game|current_state                                                  ;
+---------------------+--------------------+---------------------+---------------------+
; Name                ; current_state.dead ; current_state.alive ; current_state.start ;
+---------------------+--------------------+---------------------+---------------------+
; current_state.start ; 0                  ; 0                   ; 0                   ;
; current_state.alive ; 0                  ; 1                   ; 1                   ;
; current_state.dead  ; 1                  ; 0                   ; 1                   ;
+---------------------+--------------------+---------------------+---------------------+


+--------------------------------------------------------------------------------+
; Registers Removed During Synthesis                                             ;
+---------------------------------------+----------------------------------------+
; Register name                         ; Reason for Removal                     ;
+---------------------------------------+----------------------------------------+
; column_2_x_pos[1,2]                   ; Merged with column_2_x_pos[0]          ;
; column_1_x_pos[1,2]                   ; Merged with column_1_x_pos[0]          ;
; column_2_x_pos[0]                     ; Stuck at VCC due to stuck port data_in ;
; column_1_x_pos[0]                     ; Stuck at VCC due to stuck port data_in ;
; Total Number of Removed Registers = 6 ;                                        ;
+---------------------------------------+----------------------------------------+


+------------------------------------------------------+
; General Register Statistics                          ;
+----------------------------------------------+-------+
; Statistic                                    ; Value ;
+----------------------------------------------+-------+
; Total registers                              ; 205   ;
; Number of registers using Synchronous Clear  ; 48    ;
; Number of registers using Synchronous Load   ; 4     ;
; Number of registers using Asynchronous Clear ; 0     ;
; Number of registers using Asynchronous Load  ; 0     ;
; Number of registers using Clock Enable       ; 82    ;
; Number of registers using Preset             ; 0     ;
+----------------------------------------------+-------+


+---------------------------------------------------+
; Inverted Register Statistics                      ;
+-----------------------------------------+---------+
; Inverted Register                       ; Fan out ;
+-----------------------------------------+---------+
; image_generator:imagen|y_pos[0]         ; 7       ;
; bird_y_pos[8]                           ; 8       ;
; bird_y_pos[6]                           ; 8       ;
; column_2_y_pos[7]                       ; 4       ;
; column_2_y_pos[5]                       ; 6       ;
; column_2_x_pos[8]                       ; 5       ;
; column_2_x_pos[5]                       ; 5       ;
; column_2_x_pos[4]                       ; 5       ;
; column_2_x_pos[3]                       ; 5       ;
; image_generator:imagen|x_pos[0]         ; 1       ;
; column_1_x_pos[9]                       ; 5       ;
; column_1_x_pos[6]                       ; 5       ;
; column_1_x_pos[5]                       ; 5       ;
; column_1_x_pos[4]                       ; 5       ;
; column_1_x_pos[3]                       ; 5       ;
; column_1_y_pos[7]                       ; 4       ;
; column_1_y_pos[6]                       ; 5       ;
; column_1_y_pos[3]                       ; 4       ;
; bird_y_vel[7]                           ; 6       ;
; bird_y_vel[6]                           ; 3       ;
; bird_y_vel[5]                           ; 3       ;
; bird_y_vel[4]                           ; 3       ;
; bird_y_vel[2]                           ; 3       ;
; bird_y_vel[1]                           ; 2       ;
; bbs:num_gen|x_i[0]                      ; 10      ;
; bbs:num_gen|x_i[31]                     ; 121     ;
; bbs:num_gen|x_i_1[0]                    ; 8       ;
; bbs:num_gen|x_i_1[2]                    ; 4       ;
; bbs:num_gen|x_i_1[4]                    ; 4       ;
; bbs:num_gen|x_i_1[5]                    ; 4       ;
; bbs:num_gen|x_i_1[6]                    ; 4       ;
; bbs:num_gen|x_i_1[7]                    ; 4       ;
; bbs:num_gen|x_i_1[9]                    ; 4       ;
; bbs:num_gen|x_i_1[10]                   ; 4       ;
; bbs:num_gen|x_i_1[12]                   ; 4       ;
; bbs:num_gen|x_i_1[13]                   ; 4       ;
; bbs:num_gen|x_i_1[14]                   ; 4       ;
; bbs:num_gen|x_i_1[15]                   ; 4       ;
; Total number of inverted registers = 38 ;         ;
+-----------------------------------------+---------+


+------------------------------------------------------------------------------------------------------------------------------------------+
; Multiplexer Restructuring Statistics (Restructuring Performed)                                                                           ;
+--------------------+-----------+---------------+----------------------+------------------------+------------+----------------------------+
; Multiplexer Inputs ; Bus Width ; Baseline Area ; Area if Restructured ; Saving if Restructured ; Registered ; Example Multiplexer Output ;
+--------------------+-----------+---------------+----------------------+------------------------+------------+----------------------------+
; 4:1                ; 3 bits    ; 6 LEs         ; 3 LEs                ; 3 LEs                  ; Yes        ; |Game|bird_y_pos[9]        ;
; 4:1                ; 6 bits    ; 12 LEs        ; 12 LEs               ; 0 LEs                  ; Yes        ; |Game|bird_y_pos[0]        ;
; 4:1                ; 3 bits    ; 6 LEs         ; 3 LEs                ; 3 LEs                  ; Yes        ; |Game|column_1_x_pos[10]   ;
; 4:1                ; 4 bits    ; 8 LEs         ; 8 LEs                ; 0 LEs                  ; Yes        ; |Game|column_2_x_pos[10]   ;
; 7:1                ; 2 bits    ; 8 LEs         ; 2 LEs                ; 6 LEs                  ; Yes        ; |Game|bird_y_vel[3]        ;
; 4:1                ; 2 bits    ; 4 LEs         ; 4 LEs                ; 0 LEs                  ; Yes        ; |Game|bird_y_pos[8]        ;
; 4:1                ; 5 bits    ; 10 LEs        ; 5 LEs                ; 5 LEs                  ; Yes        ; |Game|column_1_x_pos[6]    ;
; 4:1                ; 4 bits    ; 8 LEs         ; 8 LEs                ; 0 LEs                  ; Yes        ; |Game|column_2_x_pos[5]    ;
; 7:1                ; 6 bits    ; 24 LEs        ; 12 LEs               ; 12 LEs                 ; Yes        ; |Game|bird_y_vel[1]        ;
; 3:1                ; 5 bits    ; 10 LEs        ; 10 LEs               ; 0 LEs                  ; No         ; |Game|column_1_y_pos       ;
; 6:1                ; 2 bits    ; 8 LEs         ; 4 LEs                ; 4 LEs                  ; No         ; |Game|rgb_out              ;
; 6:1                ; 3 bits    ; 12 LEs        ; 6 LEs                ; 6 LEs                  ; No         ; |Game|Selector2            ;
+--------------------+-----------+---------------+----------------------+------------------------+------------+----------------------------+


+---------------------------------------------------------------------+
; Parameter Settings for User Entity Instance: image_generator:imagen ;
+----------------+-------+--------------------------------------------+
; Parameter Name ; Value ; Type                                       ;
+----------------+-------+--------------------------------------------+
; v_pulse        ; 2     ; Signed Integer                             ;
; v_fp           ; 10    ; Signed Integer                             ;
; v_bp           ; 29    ; Signed Integer                             ;
; v_display      ; 480   ; Signed Integer                             ;
; h_pulse        ; 96    ; Signed Integer                             ;
; h_fp           ; 16    ; Signed Integer                             ;
; h_bp           ; 48    ; Signed Integer                             ;
; h_display      ; 640   ; Signed Integer                             ;
+----------------+-------+--------------------------------------------+
Note: In order to hide this table in the UI and the text report file, please set the "Show Parameter Settings in Synthesis Report" option in "Analysis and Synthesis Settings -> More Settings" to "Off".


+----------------------------------------------------------+
; Parameter Settings for User Entity Instance: bbs:num_gen ;
+----------------+-------------+---------------------------+
; Parameter Name ; Value       ; Type                      ;
+----------------+-------------+---------------------------+
; p              ; 191         ; Signed Integer            ;
; q              ; 331         ; Signed Integer            ;
; seed           ; -1754629300 ; Signed Integer            ;
+----------------+-------------+---------------------------+
Note: In order to hide this table in the UI and the text report file, please set the "Show Parameter Settings in Synthesis Report" option in "Analysis and Synthesis Settings -> More Settings" to "Off".


+------------------------------------------------------------------+
; Parameter Settings for Inferred Entity Instance: lpm_divide:Mod0 ;
+------------------------+----------------+------------------------+
; Parameter Name         ; Value          ; Type                   ;
+------------------------+----------------+------------------------+
; LPM_WIDTHN             ; 32             ; Untyped                ;
; LPM_WIDTHD             ; 32             ; Untyped                ;
; LPM_NREPRESENTATION    ; SIGNED         ; Untyped                ;
; LPM_DREPRESENTATION    ; SIGNED         ; Untyped                ;
; LPM_PIPELINE           ; 0              ; Untyped                ;
; LPM_REMAINDERPOSITIVE  ; FALSE          ; Untyped                ;
; MAXIMIZE_SPEED         ; 5              ; Untyped                ;
; CBXI_PARAMETER         ; lpm_divide_25o ; Untyped                ;
; CARRY_CHAIN            ; MANUAL         ; Untyped                ;
; OPTIMIZE_FOR_SPEED     ; 5              ; Untyped                ;
; AUTO_CARRY_CHAINS      ; ON             ; AUTO_CARRY             ;
; IGNORE_CARRY_BUFFERS   ; OFF            ; IGNORE_CARRY           ;
; AUTO_CASCADE_CHAINS    ; ON             ; AUTO_CASCADE           ;
; IGNORE_CASCADE_BUFFERS ; OFF            ; IGNORE_CASCADE         ;
+------------------------+----------------+------------------------+
Note: In order to hide this table in the UI and the text report file, please set the "Show Parameter Settings in Synthesis Report" option in "Analysis and Synthesis Settings -> More Settings" to "Off".


+---------------------------------------------------------------------------------+
; Parameter Settings for Inferred Entity Instance: bbs:num_gen|lpm_mult:Mult0     ;
+------------------------------------------------+----------+---------------------+
; Parameter Name                                 ; Value    ; Type                ;
+------------------------------------------------+----------+---------------------+
; AUTO_CARRY_CHAINS                              ; ON       ; AUTO_CARRY          ;
; IGNORE_CARRY_BUFFERS                           ; OFF      ; IGNORE_CARRY        ;
; AUTO_CASCADE_CHAINS                            ; ON       ; AUTO_CASCADE        ;
; IGNORE_CASCADE_BUFFERS                         ; OFF      ; IGNORE_CASCADE      ;
; LPM_WIDTHA                                     ; 32       ; Untyped             ;
; LPM_WIDTHB                                     ; 32       ; Untyped             ;
; LPM_WIDTHP                                     ; 64       ; Untyped             ;
; LPM_WIDTHR                                     ; 64       ; Untyped             ;
; LPM_WIDTHS                                     ; 1        ; Untyped             ;
; LPM_REPRESENTATION                             ; SIGNED   ; Untyped             ;
; LPM_PIPELINE                                   ; 0        ; Untyped             ;
; LATENCY                                        ; 0        ; Untyped             ;
; INPUT_A_IS_CONSTANT                            ; NO       ; Untyped             ;
; INPUT_B_IS_CONSTANT                            ; NO       ; Untyped             ;
; USE_EAB                                        ; OFF      ; Untyped             ;
; MAXIMIZE_SPEED                                 ; 5        ; Untyped             ;
; DEVICE_FAMILY                                  ; MAX 10   ; Untyped             ;
; CARRY_CHAIN                                    ; MANUAL   ; Untyped             ;
; APEX20K_TECHNOLOGY_MAPPER                      ; LUT      ; TECH_MAPPER_APEX20K ;
; DEDICATED_MULTIPLIER_CIRCUITRY                 ; AUTO     ; Untyped             ;
; DEDICATED_MULTIPLIER_MIN_INPUT_WIDTH_FOR_AUTO  ; 0        ; Untyped             ;
; DEDICATED_MULTIPLIER_MIN_OUTPUT_WIDTH_FOR_AUTO ; 0        ; Untyped             ;
; CBXI_PARAMETER                                 ; mult_qgs ; Untyped             ;
; INPUT_A_FIXED_VALUE                            ; Bx       ; Untyped             ;
; INPUT_B_FIXED_VALUE                            ; Bx       ; Untyped             ;
; USE_AHDL_IMPLEMENTATION                        ; OFF      ; Untyped             ;
+------------------------------------------------+----------+---------------------+
Note: In order to hide this table in the UI and the text report file, please set the "Show Parameter Settings in Synthesis Report" option in "Analysis and Synthesis Settings -> More Settings" to "Off".


+------------------------------------------------------------------------------+
; Parameter Settings for Inferred Entity Instance: bbs:num_gen|lpm_divide:Mod0 ;
+------------------------+----------------+------------------------------------+
; Parameter Name         ; Value          ; Type                               ;
+------------------------+----------------+------------------------------------+
; LPM_WIDTHN             ; 32             ; Untyped                            ;
; LPM_WIDTHD             ; 32             ; Untyped                            ;
; LPM_NREPRESENTATION    ; SIGNED         ; Untyped                            ;
; LPM_DREPRESENTATION    ; SIGNED         ; Untyped                            ;
; LPM_PIPELINE           ; 0              ; Untyped                            ;
; LPM_REMAINDERPOSITIVE  ; FALSE          ; Untyped                            ;
; MAXIMIZE_SPEED         ; 5              ; Untyped                            ;
; CBXI_PARAMETER         ; lpm_divide_25o ; Untyped                            ;
; CARRY_CHAIN            ; MANUAL         ; Untyped                            ;
; OPTIMIZE_FOR_SPEED     ; 5              ; Untyped                            ;
; AUTO_CARRY_CHAINS      ; ON             ; AUTO_CARRY                         ;
; IGNORE_CARRY_BUFFERS   ; OFF            ; IGNORE_CARRY                       ;
; AUTO_CASCADE_CHAINS    ; ON             ; AUTO_CASCADE                       ;
; IGNORE_CASCADE_BUFFERS ; OFF            ; IGNORE_CASCADE                     ;
+------------------------+----------------+------------------------------------+
Note: In order to hide this table in the UI and the text report file, please set the "Show Parameter Settings in Synthesis Report" option in "Analysis and Synthesis Settings -> More Settings" to "Off".


+--------------------------------------------------------------------+
; lpm_mult Parameter Settings by Entity Instance                     ;
+---------------------------------------+----------------------------+
; Name                                  ; Value                      ;
+---------------------------------------+----------------------------+
; Number of entity instances            ; 1                          ;
; Entity Instance                       ; bbs:num_gen|lpm_mult:Mult0 ;
;     -- LPM_WIDTHA                     ; 32                         ;
;     -- LPM_WIDTHB                     ; 32                         ;
;     -- LPM_WIDTHP                     ; 64                         ;
;     -- LPM_REPRESENTATION             ; SIGNED                     ;
;     -- INPUT_A_IS_CONSTANT            ; NO                         ;
;     -- INPUT_B_IS_CONSTANT            ; NO                         ;
;     -- USE_EAB                        ; OFF                        ;
;     -- DEDICATED_MULTIPLIER_CIRCUITRY ; AUTO                       ;
;     -- INPUT_A_FIXED_VALUE            ; Bx                         ;
;     -- INPUT_B_FIXED_VALUE            ; Bx                         ;
+---------------------------------------+----------------------------+


+-------------------------------------------------------------------------------------------------------------------------+
; Port Connectivity Checks: "image_generator:imagen"                                                                      ;
+---------------+--------+----------+-------------------------------------------------------------------------------------+
; Port          ; Type   ; Severity ; Details                                                                             ;
+---------------+--------+----------+-------------------------------------------------------------------------------------+
; x_pos[31..10] ; Output ; Info     ; Connected to dangling logic. Logic that only feeds a dangling port will be removed. ;
; y_pos[31..9]  ; Output ; Info     ; Connected to dangling logic. Logic that only feeds a dangling port will be removed. ;
; frame         ; Output ; Info     ; Connected to dangling logic. Logic that only feeds a dangling port will be removed. ;
+---------------+--------+----------+-------------------------------------------------------------------------------------+


+-----------------------------------------------------+
; Post-Synthesis Netlist Statistics for Top Partition ;
+-----------------------+-----------------------------+
; Type                  ; Count                       ;
+-----------------------+-----------------------------+
; boundary_port         ; 17                          ;
; cycloneiii_ff         ; 205                         ;
;     ENA               ; 66                          ;
;     ENA SCLR          ; 12                          ;
;     ENA SLD           ; 4                           ;
;     SCLR              ; 36                          ;
;     plain             ; 87                          ;
; cycloneiii_lcell_comb ; 3396                        ;
;     arith             ; 1186                        ;
;         2 data inputs ; 159                         ;
;         3 data inputs ; 1027                        ;
;     normal            ; 2210                        ;
;         0 data inputs ; 44                          ;
;         1 data inputs ; 32                          ;
;         2 data inputs ; 1048                        ;
;         3 data inputs ; 52                          ;
;         4 data inputs ; 1034                        ;
; cycloneiii_mac_mult   ; 3                           ;
; cycloneiii_mac_out    ; 3                           ;
;                       ;                             ;
; Max LUT depth         ; 106.90                      ;
; Average LUT depth     ; 80.92                       ;
+-----------------------+-----------------------------+


+-------------------------------+
; Elapsed Time Per Partition    ;
+----------------+--------------+
; Partition Name ; Elapsed Time ;
+----------------+--------------+
; Top            ; 00:00:13     ;
+----------------+--------------+


+-------------------------------+
; Analysis & Synthesis Messages ;
+-------------------------------+
Info: *******************************************************************
Info: Running Quartus Prime Analysis & Synthesis
    Info: Version 20.1.1 Build 720 11/11/2020 SJ Lite Edition
    Info: Processing started: Thu Jan  6 03:16:57 2022
Info: Command: quartus_map --read_settings_files=on --write_settings_files=off Game -c Game
Warning (18236): Number of processors has not been specified which may cause overloading on shared machines.  Set the global assignment NUM_PARALLEL_PROCESSORS in your QSF to an appropriate value for best performance.
Info (20030): Parallel compilation is enabled and will use 2 of the 2 processors detected
Warning (12019): Can't analyze file -- file random4.vhdl is missing
Info (12021): Found 2 design units, including 1 entities, in source file image_generator.vhd
    Info (12022): Found design unit 1: image_generator-behavioral File: /home/roswell/VLSI/Game/image_generator.vhd Line: 28
    Info (12023): Found entity 1: image_generator File: /home/roswell/VLSI/Game/image_generator.vhd Line: 6
Warning (10639): VHDL warning at Game.vhd(35): constant value overflow File: /home/roswell/VLSI/Game/Game.vhd Line: 35
Info (12021): Found 2 design units, including 1 entities, in source file Game.vhd
    Info (12022): Found design unit 1: Game-behavioral File: /home/roswell/VLSI/Game/Game.vhd Line: 18
    Info (12023): Found entity 1: Game File: /home/roswell/VLSI/Game/Game.vhd Line: 6
Info (12127): Elaborating entity "Game" for the top level hierarchy
Warning (10036): Verilog HDL or VHDL warning at Game.vhd(49): object "frame" assigned a value but never read File: /home/roswell/VLSI/Game/Game.vhd Line: 49
Info (12128): Elaborating entity "image_generator" for hierarchy "image_generator:imagen" File: /home/roswell/VLSI/Game/Game.vhd Line: 77
Warning (10639): VHDL warning at bbs.vhd(11): constant value overflow File: /home/roswell/VLSI/Game/bbs.vhd Line: 11
Warning (12125): Using design file bbs.vhd, which is not specified as a design file for the current project, but contains definitions for 2 design units and 1 entities in project
    Info (12022): Found design unit 1: bbs-rtl File: /home/roswell/VLSI/Game/bbs.vhd Line: 19
    Info (12023): Found entity 1: bbs File: /home/roswell/VLSI/Game/bbs.vhd Line: 7
Info (12128): Elaborating entity "bbs" for hierarchy "bbs:num_gen" File: /home/roswell/VLSI/Game/Game.vhd Line: 88
Info (278001): Inferred 3 megafunctions from design logic
    Info (278004): Inferred divider/modulo megafunction ("lpm_divide") from the following logic: "Mod0" File: /home/roswell/VLSI/Game/Game.vhd Line: 117
    Info (278003): Inferred multiplier megafunction ("lpm_mult") from the following logic: "bbs:num_gen|Mult0" File: /home/roswell/VLSI/Game/bbs.vhd Line: 27
    Info (278004): Inferred divider/modulo megafunction ("lpm_divide") from the following logic: "bbs:num_gen|Mod0" File: /home/roswell/VLSI/Game/bbs.vhd Line: 27
Info (12130): Elaborated megafunction instantiation "lpm_divide:Mod0" File: /home/roswell/VLSI/Game/Game.vhd Line: 117
Info (12133): Instantiated megafunction "lpm_divide:Mod0" with the following parameter: File: /home/roswell/VLSI/Game/Game.vhd Line: 117
    Info (12134): Parameter "LPM_WIDTHN" = "32"
    Info (12134): Parameter "LPM_WIDTHD" = "32"
    Info (12134): Parameter "LPM_NREPRESENTATION" = "SIGNED"
    Info (12134): Parameter "LPM_DREPRESENTATION" = "SIGNED"
    Info (12134): Parameter "LPM_HINT" = "LPM_REMAINDERPOSITIVE=FALSE"
Info (12021): Found 1 design units, including 1 entities, in source file db/lpm_divide_25o.tdf
    Info (12023): Found entity 1: lpm_divide_25o File: /home/roswell/VLSI/Game/db/lpm_divide_25o.tdf Line: 25
Info (12021): Found 1 design units, including 1 entities, in source file db/abs_divider_4dg.tdf
    Info (12023): Found entity 1: abs_divider_4dg File: /home/roswell/VLSI/Game/db/abs_divider_4dg.tdf Line: 27
Info (12021): Found 1 design units, including 1 entities, in source file db/alt_u_div_ske.tdf
    Info (12023): Found entity 1: alt_u_div_ske File: /home/roswell/VLSI/Game/db/alt_u_div_ske.tdf Line: 27
Info (12021): Found 1 design units, including 1 entities, in source file db/add_sub_t3c.tdf
    Info (12023): Found entity 1: add_sub_t3c File: /home/roswell/VLSI/Game/db/add_sub_t3c.tdf Line: 23
Info (12021): Found 1 design units, including 1 entities, in source file db/add_sub_u3c.tdf
    Info (12023): Found entity 1: add_sub_u3c File: /home/roswell/VLSI/Game/db/add_sub_u3c.tdf Line: 23
Info (12021): Found 1 design units, including 1 entities, in source file db/lpm_abs_8b9.tdf
    Info (12023): Found entity 1: lpm_abs_8b9 File: /home/roswell/VLSI/Game/db/lpm_abs_8b9.tdf Line: 25
Info (12130): Elaborated megafunction instantiation "bbs:num_gen|lpm_mult:Mult0" File: /home/roswell/VLSI/Game/bbs.vhd Line: 27
Info (12133): Instantiated megafunction "bbs:num_gen|lpm_mult:Mult0" with the following parameter: File: /home/roswell/VLSI/Game/bbs.vhd Line: 27
    Info (12134): Parameter "LPM_WIDTHA" = "32"
    Info (12134): Parameter "LPM_WIDTHB" = "32"
    Info (12134): Parameter "LPM_WIDTHP" = "64"
    Info (12134): Parameter "LPM_WIDTHR" = "64"
    Info (12134): Parameter "LPM_WIDTHS" = "1"
    Info (12134): Parameter "LPM_REPRESENTATION" = "SIGNED"
    Info (12134): Parameter "INPUT_A_IS_CONSTANT" = "NO"
    Info (12134): Parameter "INPUT_B_IS_CONSTANT" = "NO"
    Info (12134): Parameter "MAXIMIZE_SPEED" = "5"
Info (12021): Found 1 design units, including 1 entities, in source file db/mult_qgs.tdf
    Info (12023): Found entity 1: mult_qgs File: /home/roswell/VLSI/Game/db/mult_qgs.tdf Line: 31
Info (12130): Elaborated megafunction instantiation "bbs:num_gen|lpm_divide:Mod0" File: /home/roswell/VLSI/Game/bbs.vhd Line: 27
Info (12133): Instantiated megafunction "bbs:num_gen|lpm_divide:Mod0" with the following parameter: File: /home/roswell/VLSI/Game/bbs.vhd Line: 27
    Info (12134): Parameter "LPM_WIDTHN" = "32"
    Info (12134): Parameter "LPM_WIDTHD" = "32"
    Info (12134): Parameter "LPM_NREPRESENTATION" = "SIGNED"
    Info (12134): Parameter "LPM_DREPRESENTATION" = "SIGNED"
    Info (12134): Parameter "LPM_HINT" = "LPM_REMAINDERPOSITIVE=FALSE"
Warning (14284): Synthesized away the following node(s):
    Warning (14285): Synthesized away the following DSP element node(s):
        Warning (14320): Synthesized away node "bbs:num_gen|lpm_mult:Mult0|mult_qgs:auto_generated|mac_mult7" File: /home/roswell/VLSI/Game/db/mult_qgs.tdf Line: 67
        Warning (14320): Synthesized away node "bbs:num_gen|lpm_mult:Mult0|mult_qgs:auto_generated|mac_out8" File: /home/roswell/VLSI/Game/db/mult_qgs.tdf Line: 91
Info (13014): Ignored 144 buffer(s)
    Info (13016): Ignored 60 CARRY_SUM buffer(s)
    Info (13019): Ignored 84 SOFT buffer(s)
Info (286030): Timing-Driven Synthesis is running
Info (16010): Generating hard_block partition "hard_block:auto_generated_inst"
    Info (16011): Adding 0 node(s), including 0 DDIO, 0 PLL, 0 transceiver and 0 LCELL
Info (21057): Implemented 3486 device resources after synthesis - the final resource count might be different
    Info (21058): Implemented 3 input pins
    Info (21059): Implemented 14 output pins
    Info (21061): Implemented 3463 logic cells
    Info (21062): Implemented 6 DSP elements
Info: Quartus Prime Analysis & Synthesis was successful. 0 errors, 10 warnings
    Info: Peak virtual memory: 477 megabytes
    Info: Processing ended: Thu Jan  6 03:17:38 2022
    Info: Elapsed time: 00:00:41
    Info: Total CPU time (on all processors): 00:00:45


